<?xml version="1.0" encoding="UTF-8"?>
<coverage generated="1766151915524" clover="3.2.0">
  <project timestamp="1766151915524" name="All files">
    <metrics statements="30" coveredstatements="22" conditionals="25" coveredconditionals="19" methods="10" coveredmethods="7" elements="65" coveredelements="48" complexity="0" loc="30" ncloc="30" packages="3" files="3" classes="3"/>
    <package name="app">
      <metrics statements="5" coveredstatements="5" conditionals="0" coveredconditionals="0" methods="1" coveredmethods="1"/>
      <file name="list-devices.ts" path="/workspaces/BrowseService-ICA/src/app/list-devices.ts">
        <metrics statements="5" coveredstatements="5" conditionals="0" coveredconditionals="0" methods="1" coveredmethods="1"/>
        <line num="22" count="3" type="stmt"/>
        <line num="24" count="3" type="stmt"/>
        <line num="25" count="3" type="stmt"/>
        <line num="26" count="2" type="stmt"/>
        <line num="28" count="1" type="stmt"/>
      </file>
    </package>
    <package name="domain">
      <metrics statements="15" coveredstatements="13" conditionals="20" coveredconditionals="18" methods="3" coveredmethods="3"/>
      <file name="device.ts" path="/workspaces/BrowseService-ICA/src/domain/device.ts">
        <metrics statements="15" coveredstatements="13" conditionals="20" coveredconditionals="18" methods="3" coveredmethods="3"/>
        <line num="16" count="2" type="stmt"/>
        <line num="17" count="2" type="stmt"/>
        <line num="18" count="2" type="stmt"/>
        <line num="22" count="1" type="stmt"/>
        <line num="23" count="4" type="cond" truecount="5" falsecount="0"/>
        <line num="24" count="1" type="stmt"/>
        <line num="26" count="3" type="cond" truecount="1" falsecount="1"/>
        <line num="31" count="0" type="stmt"/>
        <line num="33" count="3" type="cond" truecount="2" falsecount="0"/>
        <line num="38" count="1" type="stmt"/>
        <line num="43" count="2" type="cond" truecount="1" falsecount="1"/>
        <line num="48" count="0" type="stmt"/>
        <line num="55" count="1" type="stmt"/>
        <line num="56" count="4" type="stmt"/>
        <line num="58" count="4" type="stmt"/>
      </file>
    </package>
    <package name="infra">
      <metrics statements="10" coveredstatements="4" conditionals="5" coveredconditionals="1" methods="6" coveredmethods="3"/>
      <file name="fake-device-repo.ts" path="/workspaces/BrowseService-ICA/src/infra/fake-device-repo.ts">
        <metrics statements="10" coveredstatements="4" conditionals="5" coveredconditionals="1" methods="6" coveredmethods="3"/>
        <line num="9" count="2" type="stmt"/>
        <line num="12" count="2" type="stmt"/>
        <line num="13" count="2" type="stmt"/>
        <line num="18" count="0" type="cond" truecount="0" falsecount="2"/>
        <line num="20" count="0" type="cond" truecount="0" falsecount="2"/>
        <line num="24" count="2" type="stmt"/>
        <line num="29" count="0" type="stmt"/>
        <line num="30" count="0" type="stmt"/>
        <line num="31" count="0" type="stmt"/>
        <line num="35" count="0" type="stmt"/>
      </file>
    </package>
  </project>
</coverage>
