{"/workspaces/BrowseService-ICA/src/app/list-devices.ts": {"path":"/workspaces/BrowseService-ICA/src/app/list-devices.ts","statementMap":{"0":{"start":{"line":22,"column":25},"end":{"line":22,"column":null}},"1":{"start":{"line":24,"column":2},"end":{"line":29,"column":null}},"2":{"start":{"line":25,"column":20},"end":{"line":25,"column":null}},"3":{"start":{"line":26,"column":4},"end":{"line":26,"column":null}},"4":{"start":{"line":28,"column":4},"end":{"line":28,"column":null}}},"fnMap":{"0":{"name":"listDevices","decl":{"start":{"line":19,"column":22},"end":{"line":19,"column":null}},"loc":{"start":{"line":21,"column":30},"end":{"line":30,"column":null}},"line":21}},"branchMap":{},"s":{"0":3,"1":3,"2":3,"3":2,"4":1},"f":{"0":3},"b":{},"meta":{"lastBranch":0,"lastFunction":1,"lastStatement":5,"seen":{"f:19:22:19:Infinity":0,"s:22:25:22:Infinity":0,"s:24:2:29:Infinity":1,"s:25:20:25:Infinity":2,"s:26:4:26:Infinity":3,"s:28:4:28:Infinity":4}}}
,"/workspaces/BrowseService-ICA/src/domain/device.ts": {"path":"/workspaces/BrowseService-ICA/src/domain/device.ts","statementMap":{"0":{"start":{"line":17,"column":4},"end":{"line":17,"column":null}},"1":{"start":{"line":16,"column":21},"end":{"line":16,"column":36}},"2":{"start":{"line":18,"column":4},"end":{"line":18,"column":null}},"3":{"start":{"line":22,"column":23},"end":{"line":53,"column":null}},"4":{"start":{"line":23,"column":2},"end":{"line":25,"column":null}},"5":{"start":{"line":24,"column":4},"end":{"line":24,"column":null}},"6":{"start":{"line":26,"column":2},"end":{"line":32,"column":null}},"7":{"start":{"line":31,"column":4},"end":{"line":31,"column":null}},"8":{"start":{"line":33,"column":2},"end":{"line":42,"column":null}},"9":{"start":{"line":38,"column":4},"end":{"line":41,"column":null}},"10":{"start":{"line":43,"column":2},"end":{"line":52,"column":null}},"11":{"start":{"line":48,"column":4},"end":{"line":51,"column":null}},"12":{"start":{"line":55,"column":28},"end":{"line":64,"column":null}},"13":{"start":{"line":56,"column":2},"end":{"line":56,"column":null}},"14":{"start":{"line":58,"column":2},"end":{"line":63,"column":null}}},"fnMap":{"0":{"name":"(anonymous_0)","decl":{"start":{"line":16,"column":2},"end":{"line":16,"column":21}},"loc":{"start":{"line":16,"column":53},"end":{"line":19,"column":null}},"line":16},"1":{"name":"(anonymous_1)","decl":{"start":{"line":22,"column":23},"end":{"line":22,"column":24}},"loc":{"start":{"line":22,"column":61},"end":{"line":53,"column":null}},"line":22},"2":{"name":"(anonymous_2)","decl":{"start":{"line":55,"column":28},"end":{"line":55,"column":29}},"loc":{"start":{"line":55,"column":68},"end":{"line":64,"column":null}},"line":55}},"branchMap":{"0":{"loc":{"start":{"line":23,"column":2},"end":{"line":25,"column":null}},"type":"if","locations":[{"start":{"line":23,"column":2},"end":{"line":25,"column":null}},{"start":{},"end":{}}],"line":23},"1":{"loc":{"start":{"line":23,"column":6},"end":{"line":23,"column":78}},"type":"binary-expr","locations":[{"start":{"line":23,"column":6},"end":{"line":23,"column":20}},{"start":{"line":23,"column":20},"end":{"line":23,"column":53}},{"start":{"line":23,"column":53},"end":{"line":23,"column":78}}],"line":23},"2":{"loc":{"start":{"line":26,"column":2},"end":{"line":32,"column":null}},"type":"if","locations":[{"start":{"line":26,"column":2},"end":{"line":32,"column":null}},{"start":{},"end":{}}],"line":26},"3":{"loc":{"start":{"line":27,"column":4},"end":{"line":29,"column":null}},"type":"binary-expr","locations":[{"start":{"line":27,"column":4},"end":{"line":27,"column":null}},{"start":{"line":28,"column":4},"end":{"line":28,"column":null}},{"start":{"line":29,"column":4},"end":{"line":29,"column":null}}],"line":27},"4":{"loc":{"start":{"line":33,"column":2},"end":{"line":42,"column":null}},"type":"if","locations":[{"start":{"line":33,"column":2},"end":{"line":42,"column":null}},{"start":{},"end":{}}],"line":33},"5":{"loc":{"start":{"line":34,"column":4},"end":{"line":36,"column":null}},"type":"binary-expr","locations":[{"start":{"line":34,"column":4},"end":{"line":34,"column":null}},{"start":{"line":35,"column":4},"end":{"line":35,"column":null}},{"start":{"line":36,"column":4},"end":{"line":36,"column":null}}],"line":34},"6":{"loc":{"start":{"line":43,"column":2},"end":{"line":52,"column":null}},"type":"if","locations":[{"start":{"line":43,"column":2},"end":{"line":52,"column":null}},{"start":{},"end":{}}],"line":43},"7":{"loc":{"start":{"line":44,"column":4},"end":{"line":46,"column":null}},"type":"binary-expr","locations":[{"start":{"line":44,"column":4},"end":{"line":44,"column":null}},{"start":{"line":45,"column":4},"end":{"line":45,"column":null}},{"start":{"line":46,"column":4},"end":{"line":46,"column":null}}],"line":44}},"s":{"0":2,"1":2,"2":2,"3":1,"4":4,"5":1,"6":3,"7":0,"8":3,"9":1,"10":2,"11":0,"12":1,"13":4,"14":4},"f":{"0":2,"1":4,"2":4},"b":{"0":[1,3],"1":[4,3,3],"2":[0,3],"3":[3,3,3],"4":[1,2],"5":[3,3,2],"6":[0,2],"7":[2,2,2]},"meta":{"lastBranch":8,"lastFunction":3,"lastStatement":15,"seen":{"f:16:2:16:21":0,"s:17:4:17:Infinity":0,"s:16:21:16:36":1,"s:18:4:18:Infinity":2,"s:22:23:53:Infinity":3,"f:22:23:22:24":1,"b:23:2:25:Infinity:undefined:undefined:undefined:undefined":0,"s:23:2:25:Infinity":4,"b:23:6:23:20:23:20:23:53:23:53:23:78":1,"s:24:4:24:Infinity":5,"b:26:2:32:Infinity:undefined:undefined:undefined:undefined":2,"s:26:2:32:Infinity":6,"b:27:4:27:Infinity:28:4:28:Infinity:29:4:29:Infinity":3,"s:31:4:31:Infinity":7,"b:33:2:42:Infinity:undefined:undefined:undefined:undefined":4,"s:33:2:42:Infinity":8,"b:34:4:34:Infinity:35:4:35:Infinity:36:4:36:Infinity":5,"s:38:4:41:Infinity":9,"b:43:2:52:Infinity:undefined:undefined:undefined:undefined":6,"s:43:2:52:Infinity":10,"b:44:4:44:Infinity:45:4:45:Infinity:46:4:46:Infinity":7,"s:48:4:51:Infinity":11,"s:55:28:64:Infinity":12,"f:55:28:55:29":2,"s:56:2:56:Infinity":13,"s:58:2:63:Infinity":14}}}
,"/workspaces/BrowseService-ICA/src/infra/fake-device-repo.ts": {"path":"/workspaces/BrowseService-ICA/src/infra/fake-device-repo.ts","statementMap":{"0":{"start":{"line":9,"column":39},"end":{"line":9,"column":null}},"1":{"start":{"line":12,"column":4},"end":{"line":14,"column":null}},"2":{"start":{"line":13,"column":6},"end":{"line":13,"column":null}},"3":{"start":{"line":18,"column":18},"end":{"line":18,"column":null}},"4":{"start":{"line":20,"column":4},"end":{"line":20,"column":null}},"5":{"start":{"line":24,"column":4},"end":{"line":24,"column":null}},"6":{"start":{"line":24,"column":55},"end":{"line":24,"column":64}},"7":{"start":{"line":29,"column":20},"end":{"line":29,"column":null}},"8":{"start":{"line":30,"column":4},"end":{"line":30,"column":null}},"9":{"start":{"line":31,"column":4},"end":{"line":31,"column":null}},"10":{"start":{"line":35,"column":4},"end":{"line":35,"column":null}}},"fnMap":{"0":{"name":"(anonymous_0)","decl":{"start":{"line":11,"column":2},"end":{"line":11,"column":14}},"loc":{"start":{"line":11,"column":38},"end":{"line":15,"column":null}},"line":11},"1":{"name":"(anonymous_1)","decl":{"start":{"line":17,"column":8},"end":{"line":17,"column":16}},"loc":{"start":{"line":17,"column":52},"end":{"line":21,"column":null}},"line":17},"2":{"name":"(anonymous_2)","decl":{"start":{"line":23,"column":8},"end":{"line":23,"column":34}},"loc":{"start":{"line":23,"column":34},"end":{"line":25,"column":null}},"line":23},"3":{"name":"(anonymous_3)","decl":{"start":{"line":24,"column":47},"end":{"line":24,"column":48}},"loc":{"start":{"line":24,"column":55},"end":{"line":24,"column":64}},"line":24},"4":{"name":"(anonymous_4)","decl":{"start":{"line":27,"column":8},"end":{"line":27,"column":13}},"loc":{"start":{"line":27,"column":46},"end":{"line":32,"column":null}},"line":27},"5":{"name":"(anonymous_5)","decl":{"start":{"line":34,"column":8},"end":{"line":34,"column":15}},"loc":{"start":{"line":34,"column":42},"end":{"line":36,"column":null}},"line":34}},"branchMap":{"0":{"loc":{"start":{"line":11,"column":14},"end":{"line":11,"column":38}},"type":"default-arg","locations":[{"start":{"line":11,"column":34},"end":{"line":11,"column":38}}],"line":11},"1":{"loc":{"start":{"line":18,"column":18},"end":{"line":18,"column":null}},"type":"binary-expr","locations":[{"start":{"line":18,"column":18},"end":{"line":18,"column":40}},{"start":{"line":18,"column":40},"end":{"line":18,"column":null}}],"line":18},"2":{"loc":{"start":{"line":20,"column":11},"end":{"line":20,"column":null}},"type":"cond-expr","locations":[{"start":{"line":20,"column":19},"end":{"line":20,"column":34}},{"start":{"line":20,"column":34},"end":{"line":20,"column":null}}],"line":20}},"s":{"0":2,"1":2,"2":2,"3":0,"4":0,"5":2,"6":2,"7":0,"8":0,"9":0,"10":0},"f":{"0":2,"1":0,"2":2,"3":2,"4":0,"5":0},"b":{"0":[2],"1":[0,0],"2":[0,0]},"meta":{"lastBranch":3,"lastFunction":6,"lastStatement":11,"seen":{"s:9:39:9:Infinity":0,"f:11:2:11:14":0,"b:11:34:11:38":0,"s:12:4:14:Infinity":1,"s:13:6:13:Infinity":2,"f:17:8:17:16":1,"s:18:18:18:Infinity":3,"b:18:18:18:40:18:40:18:Infinity":1,"s:20:4:20:Infinity":4,"b:20:19:20:34:20:34:20:Infinity":2,"f:23:8:23:34":2,"s:24:4:24:Infinity":5,"f:24:47:24:48":3,"s:24:55:24:64":6,"f:27:8:27:13":4,"s:29:20:29:Infinity":7,"s:30:4:30:Infinity":8,"s:31:4:31:Infinity":9,"f:34:8:34:15":5,"s:35:4:35:Infinity":10}}}
}
